<?xml version="1.0" encoding="UTF-8"?>
<!-- Generated by org.testng.reporters.JUnitReportReporter -->
<testsuite skipped="1" hostname="FVFZM5TLLYWG" name="com.dataparameter.withoutparameter.DataParameterwithoutParameter" tests="2" failures="0" timestamp="2021-01-19T19:23:31 CET" time="2.117" errors="1">
  <testcase name="test" time="0.000" classname="com.dataparameter.withoutparameter.DataParameterwithoutParameter">
    <skipped/>
  </testcase> <!-- test -->
  <system-out/>
  <testcase name="launchchrome" time="2.117" classname="com.dataparameter.withoutparameter.DataParameterwithoutParameter">
    <error type="org.openqa.selenium.SessionNotCreatedException" message="session not created
from disconnected: received Inspector.detached event
  (Session info: chrome=87.0.4280.141)
Build info: version: &#039;3.141.59&#039;, revision: &#039;e82be7d358&#039;, time: &#039;2018-11-14T08:25:53&#039;
System info: host: &#039;FVFZM5TLLYWG&#039;, ip: &#039;fe80:0:0:0:ce3:f667:f726:64e7%en0&#039;, os.name: &#039;Mac OS X&#039;, os.arch: &#039;x86_64&#039;, os.version: &#039;10.14.6&#039;, java.version: &#039;1.8.0_241&#039;
Driver info: driver.version: ChromeDriver
remote stacktrace: 0   chromedriver                        0x00000001081aec29 chromedriver + 2464809
1   chromedriver                        0x00000001087e96f3 chromedriver + 8996595
2   chromedriver                        0x0000000107ff3d56 chromedriver + 650582
3   chromedriver                        0x0000000107fe2279 chromedriver + 578169
4   chromedriver                        0x0000000107fe1d8a chromedriver + 576906
5   chromedriver                        0x0000000107fe1536 chromedriver + 574774
6   chromedriver                        0x0000000107fe07aa chromedriver + 571306
7   chromedriver                        0x0000000107fe0a86 chromedriver + 572038
8   chromedriver                        0x0000000107fe01e2 chromedriver + 569826
9   chromedriver                        0x0000000107fe6ed4 chromedriver + 597716
10  chromedriver                        0x0000000107fe0195 chromedriver + 569749
11  chromedriver                        0x0000000107fe1129 chromedriver + 573737
12  chromedriver                        0x0000000107fe07aa chromedriver + 571306
13  chromedriver                        0x0000000107fe0a86 chromedriver + 572038
14  chromedriver                        0x0000000107fe01e2 chromedriver + 569826
15  chromedriver                        0x0000000107fe6003 chromedriver + 593923
16  chromedriver                        0x0000000107fe0195 chromedriver + 569749
17  chromedriver                        0x0000000107fe1129 chromedriver + 573737
18  chromedriver                        0x0000000107fe07aa chromedriver + 571306
19  chromedriver                        0x0000000107fe0a86 chromedriver + 572038
20  chromedriver                        0x0000000107fe01e2 chromedriver + 569826
21  chromedriver                        0x0000000107fdbab8 chromedriver + 551608
22  chromedriver                        0x0000000107fe0195 chromedriver + 569749
23  chromedriver                        0x0000000107fe0121 chromedriver + 569633
24  chromedriver                        0x0000000107fdfcdb chromedriver + 568539
25  chromedriver                        0x0000000107ff50c3 chromedriver + 655555
26  chromedriver                        0x0000000107f9a0cd chromedriver + 282829
27  chromedriver                        0x0000000107f963f3 chromedriver + 267251
28  chromedriver                        0x0000000107f70230 chromedriver + 111152
29  chromedriver                        0x0000000107f711a7 chromedriver + 115111
30  chromedriver                        0x0000000108181830 chromedriver + 2279472
31  chromedriver                        0x000000010818c83a chromedriver + 2324538
32  chromedriver                        0x000000010818c4a7 chromedriver + 2323623
33  chromedriver                        0x0000000108168945 chromedriver + 2177349
34  chromedriver                        0x000000010818cd41 chromedriver + 2325825
35  chromedriver                        0x0000000108176bda chromedriver + 2235354
36  chromedriver                        0x00000001081a1c4a chromedriver + 2411594
37  chromedriver                        0x00000001081b3987 chromedriver + 2484615
38  libsystem_pthread.dylib             0x00007fff72eed2eb _pthread_body + 126
39  libsystem_pthread.dylib             0x00007fff72ef0249 _pthread_start + 66
40  libsystem_pthread.dylib             0x00007fff72eec40d thread_start + 13
">
      <![CDATA[org.openqa.selenium.SessionNotCreatedException: session not created
from disconnected: received Inspector.detached event
  (Session info: chrome=87.0.4280.141)
Build info: version: '3.141.59', revision: 'e82be7d358', time: '2018-11-14T08:25:53'
System info: host: 'FVFZM5TLLYWG', ip: 'fe80:0:0:0:ce3:f667:f726:64e7%en0', os.name: 'Mac OS X', os.arch: 'x86_64', os.version: '10.14.6', java.version: '1.8.0_241'
Driver info: driver.version: ChromeDriver
remote stacktrace: 0   chromedriver                        0x00000001081aec29 chromedriver + 2464809
1   chromedriver                        0x00000001087e96f3 chromedriver + 8996595
2   chromedriver                        0x0000000107ff3d56 chromedriver + 650582
3   chromedriver                        0x0000000107fe2279 chromedriver + 578169
4   chromedriver                        0x0000000107fe1d8a chromedriver + 576906
5   chromedriver                        0x0000000107fe1536 chromedriver + 574774
6   chromedriver                        0x0000000107fe07aa chromedriver + 571306
7   chromedriver                        0x0000000107fe0a86 chromedriver + 572038
8   chromedriver                        0x0000000107fe01e2 chromedriver + 569826
9   chromedriver                        0x0000000107fe6ed4 chromedriver + 597716
10  chromedriver                        0x0000000107fe0195 chromedriver + 569749
11  chromedriver                        0x0000000107fe1129 chromedriver + 573737
12  chromedriver                        0x0000000107fe07aa chromedriver + 571306
13  chromedriver                        0x0000000107fe0a86 chromedriver + 572038
14  chromedriver                        0x0000000107fe01e2 chromedriver + 569826
15  chromedriver                        0x0000000107fe6003 chromedriver + 593923
16  chromedriver                        0x0000000107fe0195 chromedriver + 569749
17  chromedriver                        0x0000000107fe1129 chromedriver + 573737
18  chromedriver                        0x0000000107fe07aa chromedriver + 571306
19  chromedriver                        0x0000000107fe0a86 chromedriver + 572038
20  chromedriver                        0x0000000107fe01e2 chromedriver + 569826
21  chromedriver                        0x0000000107fdbab8 chromedriver + 551608
22  chromedriver                        0x0000000107fe0195 chromedriver + 569749
23  chromedriver                        0x0000000107fe0121 chromedriver + 569633
24  chromedriver                        0x0000000107fdfcdb chromedriver + 568539
25  chromedriver                        0x0000000107ff50c3 chromedriver + 655555
26  chromedriver                        0x0000000107f9a0cd chromedriver + 282829
27  chromedriver                        0x0000000107f963f3 chromedriver + 267251
28  chromedriver                        0x0000000107f70230 chromedriver + 111152
29  chromedriver                        0x0000000107f711a7 chromedriver + 115111
30  chromedriver                        0x0000000108181830 chromedriver + 2279472
31  chromedriver                        0x000000010818c83a chromedriver + 2324538
32  chromedriver                        0x000000010818c4a7 chromedriver + 2323623
33  chromedriver                        0x0000000108168945 chromedriver + 2177349
34  chromedriver                        0x000000010818cd41 chromedriver + 2325825
35  chromedriver                        0x0000000108176bda chromedriver + 2235354
36  chromedriver                        0x00000001081a1c4a chromedriver + 2411594
37  chromedriver                        0x00000001081b3987 chromedriver + 2484615
38  libsystem_pthread.dylib             0x00007fff72eed2eb _pthread_body + 126
39  libsystem_pthread.dylib             0x00007fff72ef0249 _pthread_start + 66
40  libsystem_pthread.dylib             0x00007fff72eec40d thread_start + 13

at sun.reflect.NativeConstructorAccessorImpl.newInstance0(Native Method)
at sun.reflect.NativeConstructorAccessorImpl.newInstance(NativeConstructorAccessorImpl.java:62)
at sun.reflect.DelegatingConstructorAccessorImpl.newInstance(DelegatingConstructorAccessorImpl.java:45)
at java.lang.reflect.Constructor.newInstance(Constructor.java:423)
at org.openqa.selenium.remote.W3CHandshakeResponse.lambda$errorHandler$0(W3CHandshakeResponse.java:62)
at org.openqa.selenium.remote.HandshakeResponse.lambda$getResponseFunction$0(HandshakeResponse.java:30)
at org.openqa.selenium.remote.ProtocolHandshake.lambda$createSession$0(ProtocolHandshake.java:126)
at java.util.stream.ReferencePipeline$3$1.accept(ReferencePipeline.java:193)
at java.util.Spliterators$ArraySpliterator.tryAdvance(Spliterators.java:958)
at java.util.stream.ReferencePipeline.forEachWithCancel(ReferencePipeline.java:126)
at java.util.stream.AbstractPipeline.copyIntoWithCancel(AbstractPipeline.java:499)
at java.util.stream.AbstractPipeline.copyInto(AbstractPipeline.java:486)
at java.util.stream.AbstractPipeline.wrapAndCopyInto(AbstractPipeline.java:472)
at java.util.stream.FindOps$FindOp.evaluateSequential(FindOps.java:152)
at java.util.stream.AbstractPipeline.evaluate(AbstractPipeline.java:234)
at java.util.stream.ReferencePipeline.findFirst(ReferencePipeline.java:464)
at org.openqa.selenium.remote.ProtocolHandshake.createSession(ProtocolHandshake.java:128)
at org.openqa.selenium.remote.ProtocolHandshake.createSession(ProtocolHandshake.java:74)
at org.openqa.selenium.remote.HttpCommandExecutor.execute(HttpCommandExecutor.java:136)
at org.openqa.selenium.remote.service.DriverCommandExecutor.execute(DriverCommandExecutor.java:83)
at org.openqa.selenium.remote.RemoteWebDriver.execute(RemoteWebDriver.java:552)
at org.openqa.selenium.remote.RemoteWebDriver.startSession(RemoteWebDriver.java:213)
at org.openqa.selenium.remote.RemoteWebDriver.<init>(RemoteWebDriver.java:131)
at org.openqa.selenium.chrome.ChromeDriver.<init>(ChromeDriver.java:181)
at org.openqa.selenium.chrome.ChromeDriver.<init>(ChromeDriver.java:168)
at org.openqa.selenium.chrome.ChromeDriver.<init>(ChromeDriver.java:123)
at com.dataparameter.withoutparameter.DataParameterwithoutParameter.launchchrome(DataParameterwithoutParameter.java:21)
at sun.reflect.NativeMethodAccessorImpl.invoke0(Native Method)
at sun.reflect.NativeMethodAccessorImpl.invoke(NativeMethodAccessorImpl.java:62)
at sun.reflect.DelegatingMethodAccessorImpl.invoke(DelegatingMethodAccessorImpl.java:43)
at java.lang.reflect.Method.invoke(Method.java:498)
at org.testng.internal.MethodInvocationHelper.invokeMethod(MethodInvocationHelper.java:132)
at org.testng.internal.MethodInvocationHelper.invokeMethodConsideringTimeout(MethodInvocationHelper.java:61)
at org.testng.internal.ConfigInvoker.invokeConfigurationMethod(ConfigInvoker.java:366)
at org.testng.internal.ConfigInvoker.invokeConfigurations(ConfigInvoker.java:320)
at org.testng.TestRunner.invokeTestConfigurations(TestRunner.java:617)
at org.testng.TestRunner.beforeRun(TestRunner.java:607)
at org.testng.TestRunner.run(TestRunner.java:578)
at org.testng.SuiteRunner.runTest(SuiteRunner.java:384)
at org.testng.SuiteRunner.runSequentially(SuiteRunner.java:378)
at org.testng.SuiteRunner.privateRun(SuiteRunner.java:337)
at org.testng.SuiteRunner.run(SuiteRunner.java:286)
at org.testng.SuiteRunnerWorker.runSuite(SuiteRunnerWorker.java:53)
at org.testng.SuiteRunnerWorker.run(SuiteRunnerWorker.java:96)
at org.testng.TestNG.runSuitesSequentially(TestNG.java:1218)
at org.testng.TestNG.runSuitesLocally(TestNG.java:1140)
at org.testng.TestNG.runSuites(TestNG.java:1069)
at org.testng.TestNG.run(TestNG.java:1037)
at org.testng.remote.AbstractRemoteTestNG.run(AbstractRemoteTestNG.java:115)
at org.testng.remote.RemoteTestNG.initAndRun(RemoteTestNG.java:251)
at org.testng.remote.RemoteTestNG.main(RemoteTestNG.java:77)
]]>
    </error>
  </testcase> <!-- launchchrome -->
  <system-out/>
</testsuite> <!-- com.dataparameter.withoutparameter.DataParameterwithoutParameter -->
